<?xml version="1.0" encoding="UTF-8"?>
<testsuite xmlns:xsi="http://www.w3.org/2001/XMLSchema-instance" xsi:noNamespaceSchemaLocation="https://maven.apache.org/surefire/maven-surefire-plugin/xsd/surefire-test-report.xsd" version="3.0.2" name="TestSuite" time="11.155" tests="2" errors="0" skipped="0" failures="0" flakes="0">
  <properties>
[...]
</properties>
  <testcase name="verify_account_Registration" classname="testCases.TC001_AccountRegistrationTest" time="3.523">
    <system-err><![CDATA[2026-02-21T16:18:56.521962Z main INFO Starting configuration XmlConfiguration[location=/home/preetipilkhwal/Workspaces/workspace2/OpencartV26/target/test-classes/log4j2.xml, lastModified=2026-02-21T16:18:54.947Z]...
2026-02-21T16:18:56.523077Z main INFO Configuration XmlConfiguration[location=/home/preetipilkhwal/Workspaces/workspace2/OpencartV26/target/test-classes/log4j2.xml, lastModified=2026-02-21T16:18:54.947Z] started.
2026-02-21T16:18:56.524926Z main INFO Stopping configuration org.apache.logging.log4j.core.config.DefaultConfiguration@15b204a1...
2026-02-21T16:18:56.525502Z main INFO Configuration org.apache.logging.log4j.core.config.DefaultConfiguration@15b204a1 stopped.
]]></system-err>
  </testcase>
  <testcase name="verify_login" classname="testCases.LoginTest" time="2.195"/>
</testsuite>