<?xml version="1.0" encoding="UTF-8"?>
<!-- Generated by org.testng.reporters.JUnitReportReporter -->
<testsuite hostname="24cp191" failures="0" tests="6" name="testCases.TC003_LoginDDT" time="47.365" errors="0" timestamp="2026-02-12T20:18:39 IST" skipped="0">
  <testcase classname="testCases.TC003_LoginDDT" name="verify_loginDDT" time="2.066"/>
  <testcase classname="testCases.TC003_LoginDDT" name="verify_loginDDT" time="2.150"/>
  <testcase classname="testCases.TC003_LoginDDT" name="verify_loginDDT" time="10.671"/>
  <testcase classname="testCases.TC003_LoginDDT" name="verify_loginDDT" time="10.572"/>
  <testcase classname="testCases.TC003_LoginDDT" name="verify_loginDDT" time="11.245"/>
  <testcase classname="testCases.TC003_LoginDDT" name="verify_loginDDT" time="10.661"/>
</testsuite> <!-- testCases.TC003_LoginDDT -->
